[debug] [2023-03-22T01:03:05.606Z] ----------------------------------------------------------------------
[debug] [2023-03-22T01:03:06.778Z] Command:       /home/pi/.nvm/versions/node/v19.2.0/bin/node /home/pi/.nvm/versions/node/v19.2.0/bin/firebase init hosting:github
[debug] [2023-03-22T01:03:06.949Z] CLI Version:   11.1.0
[debug] [2023-03-22T01:03:07.028Z] Platform:      linux
[debug] [2023-03-22T01:03:07.030Z] Node Version:  v19.2.0
[debug] [2023-03-22T01:03:07.032Z] Time:          Tue Mar 21 2023 21:03:07 GMT-0400 (Eastern Daylight Time)
[debug] [2023-03-22T01:03:07.034Z] ----------------------------------------------------------------------
[debug] 
[debug] [2023-03-22T01:03:07.466Z] >>> [apiv2][query] GET https://firebase-public.firebaseio.com/cli.json [none]
[debug] [2023-03-22T01:03:17.622Z] > command requires scopes: ["email","openid","https://www.googleapis.com/auth/cloudplatformprojects.readonly","https://www.googleapis.com/auth/firebase","https://www.googleapis.com/auth/cloud-platform"]
[debug] [2023-03-22T01:03:17.794Z] > authorizing via signed-in user (lenses.magazine@gmail.com)
[info] 
     ######## #### ########  ######## ########     ###     ######  ########
     ##        ##  ##     ## ##       ##     ##  ##   ##  ##       ##
     ######    ##  ########  ######   ########  #########  ######  ######
     ##        ##  ##    ##  ##       ##     ## ##     ##       ## ##
     ##       #### ##     ## ######## ########  ##     ##  ######  ########

You're about to initialize a Firebase project in this directory:

  /var/www/html

Before we get started, keep in mind:

  * You are currently outside your home directory
  * You are initializing within an existing Firebase project directory

[info] 
=== Project Setup
[info] 
[info] First, let's associate this project directory with a Firebase project.
[info] You can create multiple project aliases by running firebase use --add, 
[info] but for now we'll just set up a default project.
[info] 
[debug] [2023-03-22T01:03:17.950Z] Using project from CLI flag: lensesmagazine-a8639
[debug] [2023-03-22T01:03:18.089Z] > refreshing access token with scopes: []
[debug] [2023-03-22T01:03:18.177Z] >>> [apiv2][query] POST https://www.googleapis.com/oauth2/v3/token [none]
[debug] [2023-03-22T01:03:18.178Z] >>> [apiv2][body] POST https://www.googleapis.com/oauth2/v3/token [omitted]
[debug] [2023-03-22T01:03:25.205Z] <<< [apiv2][status] GET https://firebase-public.firebaseio.com/cli.json 200
[debug] [2023-03-22T01:03:25.285Z] <<< [apiv2][body] GET https://firebase-public.firebaseio.com/cli.json {"cloudBuildErrorAfter":1594252800000,"cloudBuildWarnAfter":1590019200000,"defaultNode10After":1594252800000,"minVersion":"3.0.5","node8DeploysDisabledAfter":1613390400000,"node8RuntimeDisabledAfter":1615809600000,"node8WarnAfter":1600128000000}
[debug] [2023-03-22T01:03:27.071Z] <<< [apiv2][status] POST https://www.googleapis.com/oauth2/v3/token 200
[debug] [2023-03-22T01:03:27.073Z] <<< [apiv2][body] POST https://www.googleapis.com/oauth2/v3/token [omitted]
[debug] [2023-03-22T01:03:28.375Z] >>> [apiv2][query] GET https://firebase.googleapis.com/v1beta1/projects/lensesmagazine-a8639 [none]
[debug] [2023-03-22T01:03:29.414Z] <<< [apiv2][status] GET https://firebase.googleapis.com/v1beta1/projects/lensesmagazine-a8639 200
[debug] [2023-03-22T01:03:29.415Z] <<< [apiv2][body] GET https://firebase.googleapis.com/v1beta1/projects/lensesmagazine-a8639 {"projectId":"lensesmagazine-a8639","projectNumber":"415000826799","displayName":"lensesMagazine","name":"projects/lensesmagazine-a8639","resources":{"hostingSite":"lensesmagazine-a8639"},"state":"ACTIVE","etag":"1_783a2162-0e06-4822-b75c-e77d4801d831"}
[info] i  Using project lensesmagazine-a8639 (lensesMagazine) 
[info] 
=== Hosting:github Setup
[info] 
[info] i  Detected a .git folder at /var/www/html 
[info] i  Authorizing with GitHub to upload your service account to a GitHub repository's secrets store. 
[info] 
[info] Visit this URL on this device to log in:
[info] https://github.com/login/oauth/authorize?client_id=89cf50f02ac6aaed3484&state=337831509&redirect_uri=http%3A%2F%2Flocalhost%3A9005&scope=read%3Auser%20repo%20public_repo
[info] 
[info] Waiting for authentication...
[debug] [2023-03-22T18:10:20.039Z] ----------------------------------------------------------------------
[debug] [2023-03-22T18:10:20.292Z] Command:       /home/pi/.nvm/versions/node/v19.2.0/bin/node /home/pi/.nvm/versions/node/v19.2.0/bin/firebase init hosting:github
[debug] [2023-03-22T18:10:20.297Z] CLI Version:   11.1.0
[debug] [2023-03-22T18:10:20.299Z] Platform:      linux
[debug] [2023-03-22T18:10:20.300Z] Node Version:  v19.2.0
[debug] [2023-03-22T18:10:20.302Z] Time:          Wed Mar 22 2023 14:10:20 GMT-0400 (Eastern Daylight Time)
[debug] [2023-03-22T18:10:20.304Z] ----------------------------------------------------------------------
[debug] 
[debug] [2023-03-22T18:10:20.904Z] > command requires scopes: ["email","openid","https://www.googleapis.com/auth/cloudplatformprojects.readonly","https://www.googleapis.com/auth/firebase","https://www.googleapis.com/auth/cloud-platform"]
[debug] [2023-03-22T18:10:20.908Z] > authorizing via signed-in user (lenses.magazine@gmail.com)
[info] 
     ######## #### ########  ######## ########     ###     ######  ########
     ##        ##  ##     ## ##       ##     ##  ##   ##  ##       ##
     ######    ##  ########  ######   ########  #########  ######  ######
     ##        ##  ##    ##  ##       ##     ## ##     ##       ## ##
     ##       #### ##     ## ######## ########  ##     ##  ######  ########

You're about to initialize a Firebase project in this directory:

  /var/www/html

Before we get started, keep in mind:

  * You are currently outside your home directory
  * You are initializing within an existing Firebase project directory

[info] 
=== Project Setup
[info] 
[info] First, let's associate this project directory with a Firebase project.
[info] You can create multiple project aliases by running firebase use --add, 
[info] but for now we'll just set up a default project.
[info] 
[debug] [2023-03-22T18:10:20.977Z] Using project from CLI flag: lensesmagazine-a8639
[debug] [2023-03-22T18:10:20.997Z] > refreshing access token with scopes: []
[debug] [2023-03-22T18:10:21.012Z] >>> [apiv2][query] POST https://www.googleapis.com/oauth2/v3/token [none]
[debug] [2023-03-22T18:10:21.013Z] >>> [apiv2][body] POST https://www.googleapis.com/oauth2/v3/token [omitted]
[debug] [2023-03-22T18:10:24.018Z] <<< [apiv2][status] POST https://www.googleapis.com/oauth2/v3/token 200
[debug] [2023-03-22T18:10:24.022Z] <<< [apiv2][body] POST https://www.googleapis.com/oauth2/v3/token [omitted]
[debug] [2023-03-22T18:10:24.540Z] >>> [apiv2][query] GET https://firebase.googleapis.com/v1beta1/projects/lensesmagazine-a8639 [none]
[debug] [2023-03-22T18:10:24.949Z] <<< [apiv2][status] GET https://firebase.googleapis.com/v1beta1/projects/lensesmagazine-a8639 200
[debug] [2023-03-22T18:10:24.951Z] <<< [apiv2][body] GET https://firebase.googleapis.com/v1beta1/projects/lensesmagazine-a8639 {"projectId":"lensesmagazine-a8639","projectNumber":"415000826799","displayName":"lensesMagazine","name":"projects/lensesmagazine-a8639","resources":{"hostingSite":"lensesmagazine-a8639"},"state":"ACTIVE","etag":"1_c25c196a-6176-4c35-9d79-6fc023950fe3"}
[info] i  Using project lensesmagazine-a8639 (lensesMagazine) 
[info] 
=== Hosting:github Setup
[info] 
[info] i  Detected a .git folder at /var/www/html 
[info] i  Authorizing with GitHub to upload your service account to a GitHub repository's secrets store. 
[info] 
[info] Visit this URL on this device to log in:
[info] https://github.com/login/oauth/authorize?client_id=89cf50f02ac6aaed3484&state=795525238&redirect_uri=http%3A%2F%2Flocalhost%3A9005&scope=read%3Auser%20repo%20public_repo
[info] 
[info] Waiting for authentication...
