[debug] [2023-01-11T01:04:51.430Z] ----------------------------------------------------------------------
[debug] [2023-01-11T01:04:51.465Z] Command:       /home/pi/.nvm/versions/node/v19.2.0/bin/node /home/pi/.nvm/versions/node/v19.2.0/bin/firebase deploy --only hosting
[debug] [2023-01-11T01:04:51.471Z] CLI Version:   11.1.0
[debug] [2023-01-11T01:04:51.473Z] Platform:      linux
[debug] [2023-01-11T01:04:51.475Z] Node Version:  v19.2.0
[debug] [2023-01-11T01:04:51.476Z] Time:          Tue Jan 10 2023 20:04:51 GMT-0500 (Eastern Standard Time)
[debug] [2023-01-11T01:04:51.479Z] ----------------------------------------------------------------------
[debug] 
[debug] [2023-01-11T01:04:52.334Z] > command requires scopes: ["email","openid","https://www.googleapis.com/auth/cloudplatformprojects.readonly","https://www.googleapis.com/auth/firebase","https://www.googleapis.com/auth/cloud-platform"]
[debug] [2023-01-11T01:04:52.338Z] > authorizing via signed-in user (lenses.magazine@gmail.com)
[debug] [2023-01-11T01:04:52.341Z] [iam] checking project lensesmagazine-a8639 for permissions ["firebase.projects.get","firebasehosting.sites.update"]
[debug] [2023-01-11T01:04:52.357Z] > refreshing access token with scopes: []
[debug] [2023-01-11T01:04:52.378Z] >>> [apiv2][query] POST https://www.googleapis.com/oauth2/v3/token [none]
[debug] [2023-01-11T01:04:52.381Z] >>> [apiv2][body] POST https://www.googleapis.com/oauth2/v3/token [omitted]
[debug] [2023-01-11T01:04:57.538Z] <<< [apiv2][status] POST https://www.googleapis.com/oauth2/v3/token 200
[debug] [2023-01-11T01:04:57.545Z] <<< [apiv2][body] POST https://www.googleapis.com/oauth2/v3/token [omitted]
[debug] [2023-01-11T01:04:57.756Z] >>> [apiv2][query] POST https://cloudresourcemanager.googleapis.com/v1/projects/lensesmagazine-a8639:testIamPermissions [none]
[debug] [2023-01-11T01:04:57.758Z] >>> [apiv2][body] POST https://cloudresourcemanager.googleapis.com/v1/projects/lensesmagazine-a8639:testIamPermissions {"permissions":["firebase.projects.get","firebasehosting.sites.update"]}
[debug] [2023-01-11T01:04:58.113Z] <<< [apiv2][status] POST https://cloudresourcemanager.googleapis.com/v1/projects/lensesmagazine-a8639:testIamPermissions 200
[debug] [2023-01-11T01:04:58.115Z] <<< [apiv2][body] POST https://cloudresourcemanager.googleapis.com/v1/projects/lensesmagazine-a8639:testIamPermissions {"permissions":["firebase.projects.get","firebasehosting.sites.update"]}
[debug] [2023-01-11T01:04:58.130Z] >>> [apiv2][query] GET https://firebase.googleapis.com/v1beta1/projects/lensesmagazine-a8639 [none]
[debug] [2023-01-11T01:05:28.155Z] Timeout reached making request to https://firebase.googleapis.com/v1beta1/projects/lensesmagazine-a8639
[debug] [2023-01-11T01:05:28.417Z] FirebaseError: Timeout reached making request to https://firebase.googleapis.com/v1beta1/projects/lensesmagazine-a8639
    at RetryOperation._fn (/home/pi/.nvm/versions/node/v19.2.0/lib/node_modules/firebase-tools/lib/apiv2.js:237:35)
    at process.processTicksAndRejections (node:internal/process/task_queues:95:5)
[error] 
[error] Error: Failed to get Firebase project lensesmagazine-a8639. Please make sure the project exists and your account has permission to access it.
